<?xml version="1.0" encoding="UTF-8"?>
<!-- Generated by org.testng.reporters.JUnitReportReporter -->
<testsuite hostname="Sanjeev" failures="0" tests="2" name="Com.JBK.MavenTest_First.M_LoginTest" time="5.143" errors="0" timestamp="27 Sep 2022 11:33:43 GMT" skipped="0">
  <testcase classname="Com.JBK.MavenTest_First.M_LoginTest" name="loginTestTitle" time="1.067"/>
  <testcase classname="Com.JBK.MavenTest_First.M_LoginTest" name="loginPageSucess" time="4.076"/>
</testsuite> <!-- Com.JBK.MavenTest_First.M_LoginTest -->
