<?xml version="1.0" encoding="UTF-8"?>
<!-- Generated by org.testng.reporters.JUnitReportReporter -->
<testsuite hostname="Sanjeev" failures="0" tests="2" name="Com.JBK.MavenTest_First.M_LoginTest_2" time="2.594" errors="0" timestamp="01 Oct 2022 14:10:42 GMT" skipped="0">
  <testcase classname="Com.JBK.MavenTest_First.M_LoginTest_2" name="loginTestTitle" time="0.312"/>
  <testcase classname="Com.JBK.MavenTest_First.M_LoginTest_2" name="loginPageSucess" time="2.282"/>
</testsuite> <!-- Com.JBK.MavenTest_First.M_LoginTest_2 -->
