<?xml version="1.0" encoding="UTF-8"?>
<!-- Generated by org.testng.reporters.JUnitReportReporter -->
<testsuite hostname="Sanjeev" failures="0" tests="2" name="Com.JBK.MavenTest_First.M_LoginTest" time="7.801" errors="0" timestamp="01 Oct 2022 14:10:42 GMT" skipped="0">
  <testcase classname="Com.JBK.MavenTest_First.M_LoginTest" name="loginTestTitle" time="3.637"/>
  <testcase classname="Com.JBK.MavenTest_First.M_LoginTest" name="loginPageSucess" time="4.164"/>
</testsuite> <!-- Com.JBK.MavenTest_First.M_LoginTest -->
