<?xml version="1.0" encoding="UTF-8"?>
<!-- Generated by org.testng.reporters.JUnitReportReporter -->
<testsuite hostname="Sanjeev" failures="0" tests="2" name="Com.JBK.MavenTest_First.M_LoginTest_2" time="3.110" errors="0" timestamp="27 Sep 2022 11:33:43 GMT" skipped="0">
  <testcase classname="Com.JBK.MavenTest_First.M_LoginTest_2" name="loginTestTitle" time="0.306"/>
  <testcase classname="Com.JBK.MavenTest_First.M_LoginTest_2" name="loginPageSucess" time="2.804"/>
</testsuite> <!-- Com.JBK.MavenTest_First.M_LoginTest_2 -->
