<?xml version="1.0" encoding="UTF-8"?>
<!-- Generated by org.testng.reporters.JUnitReportReporter -->
<testsuite skipped="0" hostname="Sanjeev" name="Com.JBK.MavenTest_First.M_LoginTest" tests="2" failures="0" timestamp="10 Sep 2022 12:48:11 GMT" time="2.098" errors="0">
  <testcase name="loginTestTitle" time="0.364" classname="Com.JBK.MavenTest_First.M_LoginTest"/>
  <testcase name="loginPageSucess" time="1.734" classname="Com.JBK.MavenTest_First.M_LoginTest"/>
</testsuite> <!-- Com.JBK.MavenTest_First.M_LoginTest -->
